ERROR - 2024-01-07 00:58:29 --> mysqli_sql_exception: Duplicate entry 'tatiaxka2018@gm' for key 'username' in /homepages/34/d971490128/htdocs/apps/upn212horarios/horariosupnv3/system/Database/MySQLi/Connection.php:306
Stack trace:
#0 /homepages/34/d971490128/htdocs/apps/upn212horarios/horariosupnv3/system/Database/MySQLi/Connection.php(306): mysqli->query()
#1 /homepages/34/d971490128/htdocs/apps/upn212horarios/horariosupnv3/system/Database/BaseConnection.php(692): CodeIgniter\Database\MySQLi\Connection->execute()
#2 /homepages/34/d971490128/htdocs/apps/upn212horarios/horariosupnv3/system/Database/BaseConnection.php(606): CodeIgniter\Database\BaseConnection->simpleQuery()
#3 /homepages/34/d971490128/htdocs/apps/upn212horarios/horariosupnv3/system/Database/BaseBuilder.php(2308): CodeIgniter\Database\BaseConnection->query()
#4 /homepages/34/d971490128/htdocs/apps/upn212horarios/horariosupnv3/system/Model.php(319): CodeIgniter\Database\BaseBuilder->insert()
#5 /homepages/34/d971490128/htdocs/apps/upn212horarios/horariosupnv3/system/BaseModel.php(788): CodeIgniter\Model->doInsert()
#6 /homepages/34/d971490128/htdocs/apps/upn212horarios/horariosupnv3/system/Model.php(715): CodeIgniter\BaseModel->insert()
#7 /homepages/34/d971490128/htdocs/apps/upn212horarios/horariosupnv3/app/Controllers/RegistroController.php(35): CodeIgniter\Model->insert()
#8 /homepages/34/d971490128/htdocs/apps/upn212horarios/horariosupnv3/system/CodeIgniter.php(919): App\Controllers\RegistroController->create()
#9 /homepages/34/d971490128/htdocs/apps/upn212horarios/horariosupnv3/system/CodeIgniter.php(494): CodeIgniter\CodeIgniter->runController()
#10 /homepages/34/d971490128/htdocs/apps/upn212horarios/horariosupnv3/system/CodeIgniter.php(353): CodeIgniter\CodeIgniter->handleRequest()
#11 /homepages/34/d971490128/htdocs/apps/upn212horarios/horariosupnv3/public/index.php(79): CodeIgniter\CodeIgniter->run()
#12 {main}
CRITICAL - 2024-01-07 00:58:29 --> Duplicate entry 'tatiaxka2018@gm' for key 'username'
in SYSTEMPATH/Database/BaseConnection.php on line 646.
 1 SYSTEMPATH/Database/BaseBuilder.php(2308): CodeIgniter\Database\BaseConnection->query()
 2 SYSTEMPATH/Model.php(319): CodeIgniter\Database\BaseBuilder->insert()
 3 SYSTEMPATH/BaseModel.php(788): CodeIgniter\Model->doInsert()
 4 SYSTEMPATH/Model.php(715): CodeIgniter\BaseModel->insert()
 5 APPPATH/Controllers/RegistroController.php(35): CodeIgniter\Model->insert()
 6 SYSTEMPATH/CodeIgniter.php(919): App\Controllers\RegistroController->create()
 7 SYSTEMPATH/CodeIgniter.php(494): CodeIgniter\CodeIgniter->runController()
 8 SYSTEMPATH/CodeIgniter.php(353): CodeIgniter\CodeIgniter->handleRequest()
 9 FCPATH/index.php(79): CodeIgniter\CodeIgniter->run()
ERROR - 2024-01-07 01:58:39 --> mysqli_sql_exception: Duplicate entry 'julio' for key 'username' in /homepages/34/d971490128/htdocs/apps/upn212horarios/horariosupnv3/system/Database/MySQLi/Connection.php:306
Stack trace:
#0 /homepages/34/d971490128/htdocs/apps/upn212horarios/horariosupnv3/system/Database/MySQLi/Connection.php(306): mysqli->query()
#1 /homepages/34/d971490128/htdocs/apps/upn212horarios/horariosupnv3/system/Database/BaseConnection.php(692): CodeIgniter\Database\MySQLi\Connection->execute()
#2 /homepages/34/d971490128/htdocs/apps/upn212horarios/horariosupnv3/system/Database/BaseConnection.php(606): CodeIgniter\Database\BaseConnection->simpleQuery()
#3 /homepages/34/d971490128/htdocs/apps/upn212horarios/horariosupnv3/system/Database/BaseBuilder.php(2308): CodeIgniter\Database\BaseConnection->query()
#4 /homepages/34/d971490128/htdocs/apps/upn212horarios/horariosupnv3/system/Model.php(319): CodeIgniter\Database\BaseBuilder->insert()
#5 /homepages/34/d971490128/htdocs/apps/upn212horarios/horariosupnv3/system/BaseModel.php(788): CodeIgniter\Model->doInsert()
#6 /homepages/34/d971490128/htdocs/apps/upn212horarios/horariosupnv3/system/Model.php(715): CodeIgniter\BaseModel->insert()
#7 /homepages/34/d971490128/htdocs/apps/upn212horarios/horariosupnv3/app/Controllers/RegistroController.php(35): CodeIgniter\Model->insert()
#8 /homepages/34/d971490128/htdocs/apps/upn212horarios/horariosupnv3/system/CodeIgniter.php(919): App\Controllers\RegistroController->create()
#9 /homepages/34/d971490128/htdocs/apps/upn212horarios/horariosupnv3/system/CodeIgniter.php(494): CodeIgniter\CodeIgniter->runController()
#10 /homepages/34/d971490128/htdocs/apps/upn212horarios/horariosupnv3/system/CodeIgniter.php(353): CodeIgniter\CodeIgniter->handleRequest()
#11 /homepages/34/d971490128/htdocs/apps/upn212horarios/horariosupnv3/public/index.php(79): CodeIgniter\CodeIgniter->run()
#12 {main}
CRITICAL - 2024-01-07 01:58:39 --> Duplicate entry 'julio' for key 'username'
in SYSTEMPATH/Database/BaseConnection.php on line 646.
 1 SYSTEMPATH/Database/BaseBuilder.php(2308): CodeIgniter\Database\BaseConnection->query()
 2 SYSTEMPATH/Model.php(319): CodeIgniter\Database\BaseBuilder->insert()
 3 SYSTEMPATH/BaseModel.php(788): CodeIgniter\Model->doInsert()
 4 SYSTEMPATH/Model.php(715): CodeIgniter\BaseModel->insert()
 5 APPPATH/Controllers/RegistroController.php(35): CodeIgniter\Model->insert()
 6 SYSTEMPATH/CodeIgniter.php(919): App\Controllers\RegistroController->create()
 7 SYSTEMPATH/CodeIgniter.php(494): CodeIgniter\CodeIgniter->runController()
 8 SYSTEMPATH/CodeIgniter.php(353): CodeIgniter\CodeIgniter->handleRequest()
 9 FCPATH/index.php(79): CodeIgniter\CodeIgniter->run()
ERROR - 2024-01-07 02:00:31 --> mysqli_sql_exception: Duplicate entry 'celestina_arr@hotmail.com' for key 'email' in /homepages/34/d971490128/htdocs/apps/upn212horarios/horariosupnv3/system/Database/MySQLi/Connection.php:306
Stack trace:
#0 /homepages/34/d971490128/htdocs/apps/upn212horarios/horariosupnv3/system/Database/MySQLi/Connection.php(306): mysqli->query()
#1 /homepages/34/d971490128/htdocs/apps/upn212horarios/horariosupnv3/system/Database/BaseConnection.php(692): CodeIgniter\Database\MySQLi\Connection->execute()
#2 /homepages/34/d971490128/htdocs/apps/upn212horarios/horariosupnv3/system/Database/BaseConnection.php(606): CodeIgniter\Database\BaseConnection->simpleQuery()
#3 /homepages/34/d971490128/htdocs/apps/upn212horarios/horariosupnv3/system/Database/BaseBuilder.php(2308): CodeIgniter\Database\BaseConnection->query()
#4 /homepages/34/d971490128/htdocs/apps/upn212horarios/horariosupnv3/system/Model.php(319): CodeIgniter\Database\BaseBuilder->insert()
#5 /homepages/34/d971490128/htdocs/apps/upn212horarios/horariosupnv3/system/BaseModel.php(788): CodeIgniter\Model->doInsert()
#6 /homepages/34/d971490128/htdocs/apps/upn212horarios/horariosupnv3/system/Model.php(715): CodeIgniter\BaseModel->insert()
#7 /homepages/34/d971490128/htdocs/apps/upn212horarios/horariosupnv3/app/Controllers/RegistroController.php(35): CodeIgniter\Model->insert()
#8 /homepages/34/d971490128/htdocs/apps/upn212horarios/horariosupnv3/system/CodeIgniter.php(919): App\Controllers\RegistroController->create()
#9 /homepages/34/d971490128/htdocs/apps/upn212horarios/horariosupnv3/system/CodeIgniter.php(494): CodeIgniter\CodeIgniter->runController()
#10 /homepages/34/d971490128/htdocs/apps/upn212horarios/horariosupnv3/system/CodeIgniter.php(353): CodeIgniter\CodeIgniter->handleRequest()
#11 /homepages/34/d971490128/htdocs/apps/upn212horarios/horariosupnv3/public/index.php(79): CodeIgniter\CodeIgniter->run()
#12 {main}
CRITICAL - 2024-01-07 02:00:31 --> Duplicate entry 'celestina_arr@hotmail.com' for key 'email'
in SYSTEMPATH/Database/BaseConnection.php on line 646.
 1 SYSTEMPATH/Database/BaseBuilder.php(2308): CodeIgniter\Database\BaseConnection->query()
 2 SYSTEMPATH/Model.php(319): CodeIgniter\Database\BaseBuilder->insert()
 3 SYSTEMPATH/BaseModel.php(788): CodeIgniter\Model->doInsert()
 4 SYSTEMPATH/Model.php(715): CodeIgniter\BaseModel->insert()
 5 APPPATH/Controllers/RegistroController.php(35): CodeIgniter\Model->insert()
 6 SYSTEMPATH/CodeIgniter.php(919): App\Controllers\RegistroController->create()
 7 SYSTEMPATH/CodeIgniter.php(494): CodeIgniter\CodeIgniter->runController()
 8 SYSTEMPATH/CodeIgniter.php(353): CodeIgniter\CodeIgniter->handleRequest()
 9 FCPATH/index.php(79): CodeIgniter\CodeIgniter->run()
ERROR - 2024-01-07 02:00:40 --> mysqli_sql_exception: Duplicate entry 'julio' for key 'username' in /homepages/34/d971490128/htdocs/apps/upn212horarios/horariosupnv3/system/Database/MySQLi/Connection.php:306
Stack trace:
#0 /homepages/34/d971490128/htdocs/apps/upn212horarios/horariosupnv3/system/Database/MySQLi/Connection.php(306): mysqli->query()
#1 /homepages/34/d971490128/htdocs/apps/upn212horarios/horariosupnv3/system/Database/BaseConnection.php(692): CodeIgniter\Database\MySQLi\Connection->execute()
#2 /homepages/34/d971490128/htdocs/apps/upn212horarios/horariosupnv3/system/Database/BaseConnection.php(606): CodeIgniter\Database\BaseConnection->simpleQuery()
#3 /homepages/34/d971490128/htdocs/apps/upn212horarios/horariosupnv3/system/Database/BaseBuilder.php(2308): CodeIgniter\Database\BaseConnection->query()
#4 /homepages/34/d971490128/htdocs/apps/upn212horarios/horariosupnv3/system/Model.php(319): CodeIgniter\Database\BaseBuilder->insert()
#5 /homepages/34/d971490128/htdocs/apps/upn212horarios/horariosupnv3/system/BaseModel.php(788): CodeIgniter\Model->doInsert()
#6 /homepages/34/d971490128/htdocs/apps/upn212horarios/horariosupnv3/system/Model.php(715): CodeIgniter\BaseModel->insert()
#7 /homepages/34/d971490128/htdocs/apps/upn212horarios/horariosupnv3/app/Controllers/RegistroController.php(35): CodeIgniter\Model->insert()
#8 /homepages/34/d971490128/htdocs/apps/upn212horarios/horariosupnv3/system/CodeIgniter.php(919): App\Controllers\RegistroController->create()
#9 /homepages/34/d971490128/htdocs/apps/upn212horarios/horariosupnv3/system/CodeIgniter.php(494): CodeIgniter\CodeIgniter->runController()
#10 /homepages/34/d971490128/htdocs/apps/upn212horarios/horariosupnv3/system/CodeIgniter.php(353): CodeIgniter\CodeIgniter->handleRequest()
#11 /homepages/34/d971490128/htdocs/apps/upn212horarios/horariosupnv3/public/index.php(79): CodeIgniter\CodeIgniter->run()
#12 {main}
CRITICAL - 2024-01-07 02:00:40 --> Duplicate entry 'julio' for key 'username'
in SYSTEMPATH/Database/BaseConnection.php on line 646.
 1 SYSTEMPATH/Database/BaseBuilder.php(2308): CodeIgniter\Database\BaseConnection->query()
 2 SYSTEMPATH/Model.php(319): CodeIgniter\Database\BaseBuilder->insert()
 3 SYSTEMPATH/BaseModel.php(788): CodeIgniter\Model->doInsert()
 4 SYSTEMPATH/Model.php(715): CodeIgniter\BaseModel->insert()
 5 APPPATH/Controllers/RegistroController.php(35): CodeIgniter\Model->insert()
 6 SYSTEMPATH/CodeIgniter.php(919): App\Controllers\RegistroController->create()
 7 SYSTEMPATH/CodeIgniter.php(494): CodeIgniter\CodeIgniter->runController()
 8 SYSTEMPATH/CodeIgniter.php(353): CodeIgniter\CodeIgniter->handleRequest()
 9 FCPATH/index.php(79): CodeIgniter\CodeIgniter->run()
ERROR - 2024-01-07 02:04:44 --> mysqli_sql_exception: Duplicate entry 'julio' for key 'username' in /homepages/34/d971490128/htdocs/apps/upn212horarios/horariosupnv3/system/Database/MySQLi/Connection.php:306
Stack trace:
#0 /homepages/34/d971490128/htdocs/apps/upn212horarios/horariosupnv3/system/Database/MySQLi/Connection.php(306): mysqli->query()
#1 /homepages/34/d971490128/htdocs/apps/upn212horarios/horariosupnv3/system/Database/BaseConnection.php(692): CodeIgniter\Database\MySQLi\Connection->execute()
#2 /homepages/34/d971490128/htdocs/apps/upn212horarios/horariosupnv3/system/Database/BaseConnection.php(606): CodeIgniter\Database\BaseConnection->simpleQuery()
#3 /homepages/34/d971490128/htdocs/apps/upn212horarios/horariosupnv3/system/Database/BaseBuilder.php(2308): CodeIgniter\Database\BaseConnection->query()
#4 /homepages/34/d971490128/htdocs/apps/upn212horarios/horariosupnv3/system/Model.php(319): CodeIgniter\Database\BaseBuilder->insert()
#5 /homepages/34/d971490128/htdocs/apps/upn212horarios/horariosupnv3/system/BaseModel.php(788): CodeIgniter\Model->doInsert()
#6 /homepages/34/d971490128/htdocs/apps/upn212horarios/horariosupnv3/system/Model.php(715): CodeIgniter\BaseModel->insert()
#7 /homepages/34/d971490128/htdocs/apps/upn212horarios/horariosupnv3/app/Controllers/RegistroController.php(35): CodeIgniter\Model->insert()
#8 /homepages/34/d971490128/htdocs/apps/upn212horarios/horariosupnv3/system/CodeIgniter.php(919): App\Controllers\RegistroController->create()
#9 /homepages/34/d971490128/htdocs/apps/upn212horarios/horariosupnv3/system/CodeIgniter.php(494): CodeIgniter\CodeIgniter->runController()
#10 /homepages/34/d971490128/htdocs/apps/upn212horarios/horariosupnv3/system/CodeIgniter.php(353): CodeIgniter\CodeIgniter->handleRequest()
#11 /homepages/34/d971490128/htdocs/apps/upn212horarios/horariosupnv3/public/index.php(79): CodeIgniter\CodeIgniter->run()
#12 {main}
CRITICAL - 2024-01-07 02:04:44 --> Duplicate entry 'julio' for key 'username'
in SYSTEMPATH/Database/BaseConnection.php on line 646.
 1 SYSTEMPATH/Database/BaseBuilder.php(2308): CodeIgniter\Database\BaseConnection->query()
 2 SYSTEMPATH/Model.php(319): CodeIgniter\Database\BaseBuilder->insert()
 3 SYSTEMPATH/BaseModel.php(788): CodeIgniter\Model->doInsert()
 4 SYSTEMPATH/Model.php(715): CodeIgniter\BaseModel->insert()
 5 APPPATH/Controllers/RegistroController.php(35): CodeIgniter\Model->insert()
 6 SYSTEMPATH/CodeIgniter.php(919): App\Controllers\RegistroController->create()
 7 SYSTEMPATH/CodeIgniter.php(494): CodeIgniter\CodeIgniter->runController()
 8 SYSTEMPATH/CodeIgniter.php(353): CodeIgniter\CodeIgniter->handleRequest()
 9 FCPATH/index.php(79): CodeIgniter\CodeIgniter->run()
ERROR - 2024-01-07 16:11:50 --> mysqli_sql_exception: Duplicate entry 'tatiaxka2018@gm' for key 'username' in /homepages/34/d971490128/htdocs/apps/upn212horarios/horariosupnv3/system/Database/MySQLi/Connection.php:306
Stack trace:
#0 /homepages/34/d971490128/htdocs/apps/upn212horarios/horariosupnv3/system/Database/MySQLi/Connection.php(306): mysqli->query()
#1 /homepages/34/d971490128/htdocs/apps/upn212horarios/horariosupnv3/system/Database/BaseConnection.php(692): CodeIgniter\Database\MySQLi\Connection->execute()
#2 /homepages/34/d971490128/htdocs/apps/upn212horarios/horariosupnv3/system/Database/BaseConnection.php(606): CodeIgniter\Database\BaseConnection->simpleQuery()
#3 /homepages/34/d971490128/htdocs/apps/upn212horarios/horariosupnv3/system/Database/BaseBuilder.php(2308): CodeIgniter\Database\BaseConnection->query()
#4 /homepages/34/d971490128/htdocs/apps/upn212horarios/horariosupnv3/system/Model.php(319): CodeIgniter\Database\BaseBuilder->insert()
#5 /homepages/34/d971490128/htdocs/apps/upn212horarios/horariosupnv3/system/BaseModel.php(788): CodeIgniter\Model->doInsert()
#6 /homepages/34/d971490128/htdocs/apps/upn212horarios/horariosupnv3/system/Model.php(715): CodeIgniter\BaseModel->insert()
#7 /homepages/34/d971490128/htdocs/apps/upn212horarios/horariosupnv3/app/Controllers/RegistroController.php(35): CodeIgniter\Model->insert()
#8 /homepages/34/d971490128/htdocs/apps/upn212horarios/horariosupnv3/system/CodeIgniter.php(919): App\Controllers\RegistroController->create()
#9 /homepages/34/d971490128/htdocs/apps/upn212horarios/horariosupnv3/system/CodeIgniter.php(494): CodeIgniter\CodeIgniter->runController()
#10 /homepages/34/d971490128/htdocs/apps/upn212horarios/horariosupnv3/system/CodeIgniter.php(353): CodeIgniter\CodeIgniter->handleRequest()
#11 /homepages/34/d971490128/htdocs/apps/upn212horarios/horariosupnv3/public/index.php(79): CodeIgniter\CodeIgniter->run()
#12 {main}
CRITICAL - 2024-01-07 16:11:51 --> Duplicate entry 'tatiaxka2018@gm' for key 'username'
in SYSTEMPATH/Database/BaseConnection.php on line 646.
 1 SYSTEMPATH/Database/BaseBuilder.php(2308): CodeIgniter\Database\BaseConnection->query()
 2 SYSTEMPATH/Model.php(319): CodeIgniter\Database\BaseBuilder->insert()
 3 SYSTEMPATH/BaseModel.php(788): CodeIgniter\Model->doInsert()
 4 SYSTEMPATH/Model.php(715): CodeIgniter\BaseModel->insert()
 5 APPPATH/Controllers/RegistroController.php(35): CodeIgniter\Model->insert()
 6 SYSTEMPATH/CodeIgniter.php(919): App\Controllers\RegistroController->create()
 7 SYSTEMPATH/CodeIgniter.php(494): CodeIgniter\CodeIgniter->runController()
 8 SYSTEMPATH/CodeIgniter.php(353): CodeIgniter\CodeIgniter->handleRequest()
 9 FCPATH/index.php(79): CodeIgniter\CodeIgniter->run()
ERROR - 2024-01-07 16:14:02 --> mysqli_sql_exception: Duplicate entry 'tatiaxka2018@gmail.com' for key 'email' in /homepages/34/d971490128/htdocs/apps/upn212horarios/horariosupnv3/system/Database/MySQLi/Connection.php:306
Stack trace:
#0 /homepages/34/d971490128/htdocs/apps/upn212horarios/horariosupnv3/system/Database/MySQLi/Connection.php(306): mysqli->query()
#1 /homepages/34/d971490128/htdocs/apps/upn212horarios/horariosupnv3/system/Database/BaseConnection.php(692): CodeIgniter\Database\MySQLi\Connection->execute()
#2 /homepages/34/d971490128/htdocs/apps/upn212horarios/horariosupnv3/system/Database/BaseConnection.php(606): CodeIgniter\Database\BaseConnection->simpleQuery()
#3 /homepages/34/d971490128/htdocs/apps/upn212horarios/horariosupnv3/system/Database/BaseBuilder.php(2308): CodeIgniter\Database\BaseConnection->query()
#4 /homepages/34/d971490128/htdocs/apps/upn212horarios/horariosupnv3/system/Model.php(319): CodeIgniter\Database\BaseBuilder->insert()
#5 /homepages/34/d971490128/htdocs/apps/upn212horarios/horariosupnv3/system/BaseModel.php(788): CodeIgniter\Model->doInsert()
#6 /homepages/34/d971490128/htdocs/apps/upn212horarios/horariosupnv3/system/Model.php(715): CodeIgniter\BaseModel->insert()
#7 /homepages/34/d971490128/htdocs/apps/upn212horarios/horariosupnv3/app/Controllers/RegistroController.php(35): CodeIgniter\Model->insert()
#8 /homepages/34/d971490128/htdocs/apps/upn212horarios/horariosupnv3/system/CodeIgniter.php(919): App\Controllers\RegistroController->create()
#9 /homepages/34/d971490128/htdocs/apps/upn212horarios/horariosupnv3/system/CodeIgniter.php(494): CodeIgniter\CodeIgniter->runController()
#10 /homepages/34/d971490128/htdocs/apps/upn212horarios/horariosupnv3/system/CodeIgniter.php(353): CodeIgniter\CodeIgniter->handleRequest()
#11 /homepages/34/d971490128/htdocs/apps/upn212horarios/horariosupnv3/public/index.php(79): CodeIgniter\CodeIgniter->run()
#12 {main}
CRITICAL - 2024-01-07 16:14:02 --> Duplicate entry 'tatiaxka2018@gmail.com' for key 'email'
in SYSTEMPATH/Database/BaseConnection.php on line 646.
 1 SYSTEMPATH/Database/BaseBuilder.php(2308): CodeIgniter\Database\BaseConnection->query()
 2 SYSTEMPATH/Model.php(319): CodeIgniter\Database\BaseBuilder->insert()
 3 SYSTEMPATH/BaseModel.php(788): CodeIgniter\Model->doInsert()
 4 SYSTEMPATH/Model.php(715): CodeIgniter\BaseModel->insert()
 5 APPPATH/Controllers/RegistroController.php(35): CodeIgniter\Model->insert()
 6 SYSTEMPATH/CodeIgniter.php(919): App\Controllers\RegistroController->create()
 7 SYSTEMPATH/CodeIgniter.php(494): CodeIgniter\CodeIgniter->runController()
 8 SYSTEMPATH/CodeIgniter.php(353): CodeIgniter\CodeIgniter->handleRequest()
 9 FCPATH/index.php(79): CodeIgniter\CodeIgniter->run()
ERROR - 2024-01-07 16:16:46 --> mysqli_sql_exception: Duplicate entry 'tatiaxka2018@gm' for key 'username' in /homepages/34/d971490128/htdocs/apps/upn212horarios/horariosupnv3/system/Database/MySQLi/Connection.php:306
Stack trace:
#0 /homepages/34/d971490128/htdocs/apps/upn212horarios/horariosupnv3/system/Database/MySQLi/Connection.php(306): mysqli->query()
#1 /homepages/34/d971490128/htdocs/apps/upn212horarios/horariosupnv3/system/Database/BaseConnection.php(692): CodeIgniter\Database\MySQLi\Connection->execute()
#2 /homepages/34/d971490128/htdocs/apps/upn212horarios/horariosupnv3/system/Database/BaseConnection.php(606): CodeIgniter\Database\BaseConnection->simpleQuery()
#3 /homepages/34/d971490128/htdocs/apps/upn212horarios/horariosupnv3/system/Database/BaseBuilder.php(2308): CodeIgniter\Database\BaseConnection->query()
#4 /homepages/34/d971490128/htdocs/apps/upn212horarios/horariosupnv3/system/Model.php(319): CodeIgniter\Database\BaseBuilder->insert()
#5 /homepages/34/d971490128/htdocs/apps/upn212horarios/horariosupnv3/system/BaseModel.php(788): CodeIgniter\Model->doInsert()
#6 /homepages/34/d971490128/htdocs/apps/upn212horarios/horariosupnv3/system/Model.php(715): CodeIgniter\BaseModel->insert()
#7 /homepages/34/d971490128/htdocs/apps/upn212horarios/horariosupnv3/app/Controllers/RegistroController.php(35): CodeIgniter\Model->insert()
#8 /homepages/34/d971490128/htdocs/apps/upn212horarios/horariosupnv3/system/CodeIgniter.php(919): App\Controllers\RegistroController->create()
#9 /homepages/34/d971490128/htdocs/apps/upn212horarios/horariosupnv3/system/CodeIgniter.php(494): CodeIgniter\CodeIgniter->runController()
#10 /homepages/34/d971490128/htdocs/apps/upn212horarios/horariosupnv3/system/CodeIgniter.php(353): CodeIgniter\CodeIgniter->handleRequest()
#11 /homepages/34/d971490128/htdocs/apps/upn212horarios/horariosupnv3/public/index.php(79): CodeIgniter\CodeIgniter->run()
#12 {main}
CRITICAL - 2024-01-07 16:16:46 --> Duplicate entry 'tatiaxka2018@gm' for key 'username'
in SYSTEMPATH/Database/BaseConnection.php on line 646.
 1 SYSTEMPATH/Database/BaseBuilder.php(2308): CodeIgniter\Database\BaseConnection->query()
 2 SYSTEMPATH/Model.php(319): CodeIgniter\Database\BaseBuilder->insert()
 3 SYSTEMPATH/BaseModel.php(788): CodeIgniter\Model->doInsert()
 4 SYSTEMPATH/Model.php(715): CodeIgniter\BaseModel->insert()
 5 APPPATH/Controllers/RegistroController.php(35): CodeIgniter\Model->insert()
 6 SYSTEMPATH/CodeIgniter.php(919): App\Controllers\RegistroController->create()
 7 SYSTEMPATH/CodeIgniter.php(494): CodeIgniter\CodeIgniter->runController()
 8 SYSTEMPATH/CodeIgniter.php(353): CodeIgniter\CodeIgniter->handleRequest()
 9 FCPATH/index.php(79): CodeIgniter\CodeIgniter->run()
ERROR - 2024-01-07 19:35:52 --> mysqli_sql_exception: Duplicate entry 'Isabel Leyani ' for key 'username' in /homepages/34/d971490128/htdocs/apps/upn212horarios/horariosupnv3/system/Database/MySQLi/Connection.php:306
Stack trace:
#0 /homepages/34/d971490128/htdocs/apps/upn212horarios/horariosupnv3/system/Database/MySQLi/Connection.php(306): mysqli->query()
#1 /homepages/34/d971490128/htdocs/apps/upn212horarios/horariosupnv3/system/Database/BaseConnection.php(692): CodeIgniter\Database\MySQLi\Connection->execute()
#2 /homepages/34/d971490128/htdocs/apps/upn212horarios/horariosupnv3/system/Database/BaseConnection.php(606): CodeIgniter\Database\BaseConnection->simpleQuery()
#3 /homepages/34/d971490128/htdocs/apps/upn212horarios/horariosupnv3/system/Database/BaseBuilder.php(2308): CodeIgniter\Database\BaseConnection->query()
#4 /homepages/34/d971490128/htdocs/apps/upn212horarios/horariosupnv3/system/Model.php(319): CodeIgniter\Database\BaseBuilder->insert()
#5 /homepages/34/d971490128/htdocs/apps/upn212horarios/horariosupnv3/system/BaseModel.php(788): CodeIgniter\Model->doInsert()
#6 /homepages/34/d971490128/htdocs/apps/upn212horarios/horariosupnv3/system/Model.php(715): CodeIgniter\BaseModel->insert()
#7 /homepages/34/d971490128/htdocs/apps/upn212horarios/horariosupnv3/app/Controllers/RegistroController.php(35): CodeIgniter\Model->insert()
#8 /homepages/34/d971490128/htdocs/apps/upn212horarios/horariosupnv3/system/CodeIgniter.php(919): App\Controllers\RegistroController->create()
#9 /homepages/34/d971490128/htdocs/apps/upn212horarios/horariosupnv3/system/CodeIgniter.php(494): CodeIgniter\CodeIgniter->runController()
#10 /homepages/34/d971490128/htdocs/apps/upn212horarios/horariosupnv3/system/CodeIgniter.php(353): CodeIgniter\CodeIgniter->handleRequest()
#11 /homepages/34/d971490128/htdocs/apps/upn212horarios/horariosupnv3/public/index.php(79): CodeIgniter\CodeIgniter->run()
#12 {main}
CRITICAL - 2024-01-07 19:35:52 --> Duplicate entry 'Isabel Leyani ' for key 'username'
in SYSTEMPATH/Database/BaseConnection.php on line 646.
 1 SYSTEMPATH/Database/BaseBuilder.php(2308): CodeIgniter\Database\BaseConnection->query()
 2 SYSTEMPATH/Model.php(319): CodeIgniter\Database\BaseBuilder->insert()
 3 SYSTEMPATH/BaseModel.php(788): CodeIgniter\Model->doInsert()
 4 SYSTEMPATH/Model.php(715): CodeIgniter\BaseModel->insert()
 5 APPPATH/Controllers/RegistroController.php(35): CodeIgniter\Model->insert()
 6 SYSTEMPATH/CodeIgniter.php(919): App\Controllers\RegistroController->create()
 7 SYSTEMPATH/CodeIgniter.php(494): CodeIgniter\CodeIgniter->runController()
 8 SYSTEMPATH/CodeIgniter.php(353): CodeIgniter\CodeIgniter->handleRequest()
 9 FCPATH/index.php(79): CodeIgniter\CodeIgniter->run()
ERROR - 2024-01-07 19:53:26 --> mysqli_sql_exception: Duplicate entry 'Isabel Leyani' for key 'username' in /homepages/34/d971490128/htdocs/apps/upn212horarios/horariosupnv3/system/Database/MySQLi/Connection.php:306
Stack trace:
#0 /homepages/34/d971490128/htdocs/apps/upn212horarios/horariosupnv3/system/Database/MySQLi/Connection.php(306): mysqli->query()
#1 /homepages/34/d971490128/htdocs/apps/upn212horarios/horariosupnv3/system/Database/BaseConnection.php(692): CodeIgniter\Database\MySQLi\Connection->execute()
#2 /homepages/34/d971490128/htdocs/apps/upn212horarios/horariosupnv3/system/Database/BaseConnection.php(606): CodeIgniter\Database\BaseConnection->simpleQuery()
#3 /homepages/34/d971490128/htdocs/apps/upn212horarios/horariosupnv3/system/Database/BaseBuilder.php(2308): CodeIgniter\Database\BaseConnection->query()
#4 /homepages/34/d971490128/htdocs/apps/upn212horarios/horariosupnv3/system/Model.php(319): CodeIgniter\Database\BaseBuilder->insert()
#5 /homepages/34/d971490128/htdocs/apps/upn212horarios/horariosupnv3/system/BaseModel.php(788): CodeIgniter\Model->doInsert()
#6 /homepages/34/d971490128/htdocs/apps/upn212horarios/horariosupnv3/system/Model.php(715): CodeIgniter\BaseModel->insert()
#7 /homepages/34/d971490128/htdocs/apps/upn212horarios/horariosupnv3/app/Controllers/RegistroController.php(35): CodeIgniter\Model->insert()
#8 /homepages/34/d971490128/htdocs/apps/upn212horarios/horariosupnv3/system/CodeIgniter.php(919): App\Controllers\RegistroController->create()
#9 /homepages/34/d971490128/htdocs/apps/upn212horarios/horariosupnv3/system/CodeIgniter.php(494): CodeIgniter\CodeIgniter->runController()
#10 /homepages/34/d971490128/htdocs/apps/upn212horarios/horariosupnv3/system/CodeIgniter.php(353): CodeIgniter\CodeIgniter->handleRequest()
#11 /homepages/34/d971490128/htdocs/apps/upn212horarios/horariosupnv3/public/index.php(79): CodeIgniter\CodeIgniter->run()
#12 {main}
CRITICAL - 2024-01-07 19:53:26 --> Duplicate entry 'Isabel Leyani' for key 'username'
in SYSTEMPATH/Database/BaseConnection.php on line 646.
 1 SYSTEMPATH/Database/BaseBuilder.php(2308): CodeIgniter\Database\BaseConnection->query()
 2 SYSTEMPATH/Model.php(319): CodeIgniter\Database\BaseBuilder->insert()
 3 SYSTEMPATH/BaseModel.php(788): CodeIgniter\Model->doInsert()
 4 SYSTEMPATH/Model.php(715): CodeIgniter\BaseModel->insert()
 5 APPPATH/Controllers/RegistroController.php(35): CodeIgniter\Model->insert()
 6 SYSTEMPATH/CodeIgniter.php(919): App\Controllers\RegistroController->create()
 7 SYSTEMPATH/CodeIgniter.php(494): CodeIgniter\CodeIgniter->runController()
 8 SYSTEMPATH/CodeIgniter.php(353): CodeIgniter\CodeIgniter->handleRequest()
 9 FCPATH/index.php(79): CodeIgniter\CodeIgniter->run()
ERROR - 2024-01-07 20:02:17 --> mysqli_sql_exception: Duplicate entry 'Isabel leyani' for key 'username' in /homepages/34/d971490128/htdocs/apps/upn212horarios/horariosupnv3/system/Database/MySQLi/Connection.php:306
Stack trace:
#0 /homepages/34/d971490128/htdocs/apps/upn212horarios/horariosupnv3/system/Database/MySQLi/Connection.php(306): mysqli->query()
#1 /homepages/34/d971490128/htdocs/apps/upn212horarios/horariosupnv3/system/Database/BaseConnection.php(692): CodeIgniter\Database\MySQLi\Connection->execute()
#2 /homepages/34/d971490128/htdocs/apps/upn212horarios/horariosupnv3/system/Database/BaseConnection.php(606): CodeIgniter\Database\BaseConnection->simpleQuery()
#3 /homepages/34/d971490128/htdocs/apps/upn212horarios/horariosupnv3/system/Database/BaseBuilder.php(2308): CodeIgniter\Database\BaseConnection->query()
#4 /homepages/34/d971490128/htdocs/apps/upn212horarios/horariosupnv3/system/Model.php(319): CodeIgniter\Database\BaseBuilder->insert()
#5 /homepages/34/d971490128/htdocs/apps/upn212horarios/horariosupnv3/system/BaseModel.php(788): CodeIgniter\Model->doInsert()
#6 /homepages/34/d971490128/htdocs/apps/upn212horarios/horariosupnv3/system/Model.php(715): CodeIgniter\BaseModel->insert()
#7 /homepages/34/d971490128/htdocs/apps/upn212horarios/horariosupnv3/app/Controllers/RegistroController.php(35): CodeIgniter\Model->insert()
#8 /homepages/34/d971490128/htdocs/apps/upn212horarios/horariosupnv3/system/CodeIgniter.php(919): App\Controllers\RegistroController->create()
#9 /homepages/34/d971490128/htdocs/apps/upn212horarios/horariosupnv3/system/CodeIgniter.php(494): CodeIgniter\CodeIgniter->runController()
#10 /homepages/34/d971490128/htdocs/apps/upn212horarios/horariosupnv3/system/CodeIgniter.php(353): CodeIgniter\CodeIgniter->handleRequest()
#11 /homepages/34/d971490128/htdocs/apps/upn212horarios/horariosupnv3/public/index.php(79): CodeIgniter\CodeIgniter->run()
#12 {main}
CRITICAL - 2024-01-07 20:02:17 --> Duplicate entry 'Isabel leyani' for key 'username'
in SYSTEMPATH/Database/BaseConnection.php on line 646.
 1 SYSTEMPATH/Database/BaseBuilder.php(2308): CodeIgniter\Database\BaseConnection->query()
 2 SYSTEMPATH/Model.php(319): CodeIgniter\Database\BaseBuilder->insert()
 3 SYSTEMPATH/BaseModel.php(788): CodeIgniter\Model->doInsert()
 4 SYSTEMPATH/Model.php(715): CodeIgniter\BaseModel->insert()
 5 APPPATH/Controllers/RegistroController.php(35): CodeIgniter\Model->insert()
 6 SYSTEMPATH/CodeIgniter.php(919): App\Controllers\RegistroController->create()
 7 SYSTEMPATH/CodeIgniter.php(494): CodeIgniter\CodeIgniter->runController()
 8 SYSTEMPATH/CodeIgniter.php(353): CodeIgniter\CodeIgniter->handleRequest()
 9 FCPATH/index.php(79): CodeIgniter\CodeIgniter->run()
