ERROR - 2023-12-11 18:44:40 --> mysqli_sql_exception: Duplicate entry 'silviacarolinaac@hotmail.com' for key 'email' in /homepages/34/d971490128/htdocs/apps/upn212horarios/horariosupnv3/system/Database/MySQLi/Connection.php:306
Stack trace:
#0 /homepages/34/d971490128/htdocs/apps/upn212horarios/horariosupnv3/system/Database/MySQLi/Connection.php(306): mysqli->query()
#1 /homepages/34/d971490128/htdocs/apps/upn212horarios/horariosupnv3/system/Database/BaseConnection.php(692): CodeIgniter\Database\MySQLi\Connection->execute()
#2 /homepages/34/d971490128/htdocs/apps/upn212horarios/horariosupnv3/system/Database/BaseConnection.php(606): CodeIgniter\Database\BaseConnection->simpleQuery()
#3 /homepages/34/d971490128/htdocs/apps/upn212horarios/horariosupnv3/system/Database/BaseBuilder.php(2308): CodeIgniter\Database\BaseConnection->query()
#4 /homepages/34/d971490128/htdocs/apps/upn212horarios/horariosupnv3/system/Model.php(319): CodeIgniter\Database\BaseBuilder->insert()
#5 /homepages/34/d971490128/htdocs/apps/upn212horarios/horariosupnv3/system/BaseModel.php(788): CodeIgniter\Model->doInsert()
#6 /homepages/34/d971490128/htdocs/apps/upn212horarios/horariosupnv3/system/Model.php(715): CodeIgniter\BaseModel->insert()
#7 /homepages/34/d971490128/htdocs/apps/upn212horarios/horariosupnv3/app/Controllers/RegistroController.php(35): CodeIgniter\Model->insert()
#8 /homepages/34/d971490128/htdocs/apps/upn212horarios/horariosupnv3/system/CodeIgniter.php(919): App\Controllers\RegistroController->create()
#9 /homepages/34/d971490128/htdocs/apps/upn212horarios/horariosupnv3/system/CodeIgniter.php(494): CodeIgniter\CodeIgniter->runController()
#10 /homepages/34/d971490128/htdocs/apps/upn212horarios/horariosupnv3/system/CodeIgniter.php(353): CodeIgniter\CodeIgniter->handleRequest()
#11 /homepages/34/d971490128/htdocs/apps/upn212horarios/horariosupnv3/public/index.php(79): CodeIgniter\CodeIgniter->run()
#12 {main}
CRITICAL - 2023-12-11 18:44:41 --> Duplicate entry 'silviacarolinaac@hotmail.com' for key 'email'
in SYSTEMPATH/Database/BaseConnection.php on line 646.
 1 SYSTEMPATH/Database/BaseBuilder.php(2308): CodeIgniter\Database\BaseConnection->query()
 2 SYSTEMPATH/Model.php(319): CodeIgniter\Database\BaseBuilder->insert()
 3 SYSTEMPATH/BaseModel.php(788): CodeIgniter\Model->doInsert()
 4 SYSTEMPATH/Model.php(715): CodeIgniter\BaseModel->insert()
 5 APPPATH/Controllers/RegistroController.php(35): CodeIgniter\Model->insert()
 6 SYSTEMPATH/CodeIgniter.php(919): App\Controllers\RegistroController->create()
 7 SYSTEMPATH/CodeIgniter.php(494): CodeIgniter\CodeIgniter->runController()
 8 SYSTEMPATH/CodeIgniter.php(353): CodeIgniter\CodeIgniter->handleRequest()
 9 FCPATH/index.php(79): CodeIgniter\CodeIgniter->run()
ERROR - 2023-12-11 21:06:20 --> mysqli_sql_exception: Duplicate entry 'silviacarolinaac@hotmail.com' for key 'email' in /homepages/34/d971490128/htdocs/apps/upn212horarios/horariosupnv3/system/Database/MySQLi/Connection.php:306
Stack trace:
#0 /homepages/34/d971490128/htdocs/apps/upn212horarios/horariosupnv3/system/Database/MySQLi/Connection.php(306): mysqli->query()
#1 /homepages/34/d971490128/htdocs/apps/upn212horarios/horariosupnv3/system/Database/BaseConnection.php(692): CodeIgniter\Database\MySQLi\Connection->execute()
#2 /homepages/34/d971490128/htdocs/apps/upn212horarios/horariosupnv3/system/Database/BaseConnection.php(606): CodeIgniter\Database\BaseConnection->simpleQuery()
#3 /homepages/34/d971490128/htdocs/apps/upn212horarios/horariosupnv3/system/Database/BaseBuilder.php(2308): CodeIgniter\Database\BaseConnection->query()
#4 /homepages/34/d971490128/htdocs/apps/upn212horarios/horariosupnv3/system/Model.php(319): CodeIgniter\Database\BaseBuilder->insert()
#5 /homepages/34/d971490128/htdocs/apps/upn212horarios/horariosupnv3/system/BaseModel.php(788): CodeIgniter\Model->doInsert()
#6 /homepages/34/d971490128/htdocs/apps/upn212horarios/horariosupnv3/system/Model.php(715): CodeIgniter\BaseModel->insert()
#7 /homepages/34/d971490128/htdocs/apps/upn212horarios/horariosupnv3/app/Controllers/RegistroController.php(35): CodeIgniter\Model->insert()
#8 /homepages/34/d971490128/htdocs/apps/upn212horarios/horariosupnv3/system/CodeIgniter.php(919): App\Controllers\RegistroController->create()
#9 /homepages/34/d971490128/htdocs/apps/upn212horarios/horariosupnv3/system/CodeIgniter.php(494): CodeIgniter\CodeIgniter->runController()
#10 /homepages/34/d971490128/htdocs/apps/upn212horarios/horariosupnv3/system/CodeIgniter.php(353): CodeIgniter\CodeIgniter->handleRequest()
#11 /homepages/34/d971490128/htdocs/apps/upn212horarios/horariosupnv3/public/index.php(79): CodeIgniter\CodeIgniter->run()
#12 {main}
CRITICAL - 2023-12-11 21:06:20 --> Duplicate entry 'silviacarolinaac@hotmail.com' for key 'email'
in SYSTEMPATH/Database/BaseConnection.php on line 646.
 1 SYSTEMPATH/Database/BaseBuilder.php(2308): CodeIgniter\Database\BaseConnection->query()
 2 SYSTEMPATH/Model.php(319): CodeIgniter\Database\BaseBuilder->insert()
 3 SYSTEMPATH/BaseModel.php(788): CodeIgniter\Model->doInsert()
 4 SYSTEMPATH/Model.php(715): CodeIgniter\BaseModel->insert()
 5 APPPATH/Controllers/RegistroController.php(35): CodeIgniter\Model->insert()
 6 SYSTEMPATH/CodeIgniter.php(919): App\Controllers\RegistroController->create()
 7 SYSTEMPATH/CodeIgniter.php(494): CodeIgniter\CodeIgniter->runController()
 8 SYSTEMPATH/CodeIgniter.php(353): CodeIgniter\CodeIgniter->handleRequest()
 9 FCPATH/index.php(79): CodeIgniter\CodeIgniter->run()
ERROR - 2023-12-11 21:07:11 --> mysqli_sql_exception: Duplicate entry 'silviacarolinaac@hotmail.com' for key 'email' in /homepages/34/d971490128/htdocs/apps/upn212horarios/horariosupnv3/system/Database/MySQLi/Connection.php:306
Stack trace:
#0 /homepages/34/d971490128/htdocs/apps/upn212horarios/horariosupnv3/system/Database/MySQLi/Connection.php(306): mysqli->query()
#1 /homepages/34/d971490128/htdocs/apps/upn212horarios/horariosupnv3/system/Database/BaseConnection.php(692): CodeIgniter\Database\MySQLi\Connection->execute()
#2 /homepages/34/d971490128/htdocs/apps/upn212horarios/horariosupnv3/system/Database/BaseConnection.php(606): CodeIgniter\Database\BaseConnection->simpleQuery()
#3 /homepages/34/d971490128/htdocs/apps/upn212horarios/horariosupnv3/system/Database/BaseBuilder.php(2308): CodeIgniter\Database\BaseConnection->query()
#4 /homepages/34/d971490128/htdocs/apps/upn212horarios/horariosupnv3/system/Model.php(319): CodeIgniter\Database\BaseBuilder->insert()
#5 /homepages/34/d971490128/htdocs/apps/upn212horarios/horariosupnv3/system/BaseModel.php(788): CodeIgniter\Model->doInsert()
#6 /homepages/34/d971490128/htdocs/apps/upn212horarios/horariosupnv3/system/Model.php(715): CodeIgniter\BaseModel->insert()
#7 /homepages/34/d971490128/htdocs/apps/upn212horarios/horariosupnv3/app/Controllers/RegistroController.php(35): CodeIgniter\Model->insert()
#8 /homepages/34/d971490128/htdocs/apps/upn212horarios/horariosupnv3/system/CodeIgniter.php(919): App\Controllers\RegistroController->create()
#9 /homepages/34/d971490128/htdocs/apps/upn212horarios/horariosupnv3/system/CodeIgniter.php(494): CodeIgniter\CodeIgniter->runController()
#10 /homepages/34/d971490128/htdocs/apps/upn212horarios/horariosupnv3/system/CodeIgniter.php(353): CodeIgniter\CodeIgniter->handleRequest()
#11 /homepages/34/d971490128/htdocs/apps/upn212horarios/horariosupnv3/public/index.php(79): CodeIgniter\CodeIgniter->run()
#12 {main}
CRITICAL - 2023-12-11 21:07:11 --> Duplicate entry 'silviacarolinaac@hotmail.com' for key 'email'
in SYSTEMPATH/Database/BaseConnection.php on line 646.
 1 SYSTEMPATH/Database/BaseBuilder.php(2308): CodeIgniter\Database\BaseConnection->query()
 2 SYSTEMPATH/Model.php(319): CodeIgniter\Database\BaseBuilder->insert()
 3 SYSTEMPATH/BaseModel.php(788): CodeIgniter\Model->doInsert()
 4 SYSTEMPATH/Model.php(715): CodeIgniter\BaseModel->insert()
 5 APPPATH/Controllers/RegistroController.php(35): CodeIgniter\Model->insert()
 6 SYSTEMPATH/CodeIgniter.php(919): App\Controllers\RegistroController->create()
 7 SYSTEMPATH/CodeIgniter.php(494): CodeIgniter\CodeIgniter->runController()
 8 SYSTEMPATH/CodeIgniter.php(353): CodeIgniter\CodeIgniter->handleRequest()
 9 FCPATH/index.php(79): CodeIgniter\CodeIgniter->run()
ERROR - 2023-12-11 22:26:03 --> mysqli_sql_exception: Duplicate entry 'willianenrique' for key 'username' in /homepages/34/d971490128/htdocs/apps/upn212horarios/horariosupnv3/system/Database/MySQLi/Connection.php:306
Stack trace:
#0 /homepages/34/d971490128/htdocs/apps/upn212horarios/horariosupnv3/system/Database/MySQLi/Connection.php(306): mysqli->query()
#1 /homepages/34/d971490128/htdocs/apps/upn212horarios/horariosupnv3/system/Database/BaseConnection.php(692): CodeIgniter\Database\MySQLi\Connection->execute()
#2 /homepages/34/d971490128/htdocs/apps/upn212horarios/horariosupnv3/system/Database/BaseConnection.php(606): CodeIgniter\Database\BaseConnection->simpleQuery()
#3 /homepages/34/d971490128/htdocs/apps/upn212horarios/horariosupnv3/system/Database/BaseBuilder.php(2308): CodeIgniter\Database\BaseConnection->query()
#4 /homepages/34/d971490128/htdocs/apps/upn212horarios/horariosupnv3/system/Model.php(319): CodeIgniter\Database\BaseBuilder->insert()
#5 /homepages/34/d971490128/htdocs/apps/upn212horarios/horariosupnv3/system/BaseModel.php(788): CodeIgniter\Model->doInsert()
#6 /homepages/34/d971490128/htdocs/apps/upn212horarios/horariosupnv3/system/Model.php(715): CodeIgniter\BaseModel->insert()
#7 /homepages/34/d971490128/htdocs/apps/upn212horarios/horariosupnv3/app/Controllers/RegistroController.php(35): CodeIgniter\Model->insert()
#8 /homepages/34/d971490128/htdocs/apps/upn212horarios/horariosupnv3/system/CodeIgniter.php(919): App\Controllers\RegistroController->create()
#9 /homepages/34/d971490128/htdocs/apps/upn212horarios/horariosupnv3/system/CodeIgniter.php(494): CodeIgniter\CodeIgniter->runController()
#10 /homepages/34/d971490128/htdocs/apps/upn212horarios/horariosupnv3/system/CodeIgniter.php(353): CodeIgniter\CodeIgniter->handleRequest()
#11 /homepages/34/d971490128/htdocs/apps/upn212horarios/horariosupnv3/public/index.php(79): CodeIgniter\CodeIgniter->run()
#12 {main}
CRITICAL - 2023-12-11 22:26:03 --> Duplicate entry 'willianenrique' for key 'username'
in SYSTEMPATH/Database/BaseConnection.php on line 646.
 1 SYSTEMPATH/Database/BaseBuilder.php(2308): CodeIgniter\Database\BaseConnection->query()
 2 SYSTEMPATH/Model.php(319): CodeIgniter\Database\BaseBuilder->insert()
 3 SYSTEMPATH/BaseModel.php(788): CodeIgniter\Model->doInsert()
 4 SYSTEMPATH/Model.php(715): CodeIgniter\BaseModel->insert()
 5 APPPATH/Controllers/RegistroController.php(35): CodeIgniter\Model->insert()
 6 SYSTEMPATH/CodeIgniter.php(919): App\Controllers\RegistroController->create()
 7 SYSTEMPATH/CodeIgniter.php(494): CodeIgniter\CodeIgniter->runController()
 8 SYSTEMPATH/CodeIgniter.php(353): CodeIgniter\CodeIgniter->handleRequest()
 9 FCPATH/index.php(79): CodeIgniter\CodeIgniter->run()
ERROR - 2023-12-11 22:26:22 --> mysqli_sql_exception: Duplicate entry 'willianenrique' for key 'username' in /homepages/34/d971490128/htdocs/apps/upn212horarios/horariosupnv3/system/Database/MySQLi/Connection.php:306
Stack trace:
#0 /homepages/34/d971490128/htdocs/apps/upn212horarios/horariosupnv3/system/Database/MySQLi/Connection.php(306): mysqli->query()
#1 /homepages/34/d971490128/htdocs/apps/upn212horarios/horariosupnv3/system/Database/BaseConnection.php(692): CodeIgniter\Database\MySQLi\Connection->execute()
#2 /homepages/34/d971490128/htdocs/apps/upn212horarios/horariosupnv3/system/Database/BaseConnection.php(606): CodeIgniter\Database\BaseConnection->simpleQuery()
#3 /homepages/34/d971490128/htdocs/apps/upn212horarios/horariosupnv3/system/Database/BaseBuilder.php(2308): CodeIgniter\Database\BaseConnection->query()
#4 /homepages/34/d971490128/htdocs/apps/upn212horarios/horariosupnv3/system/Model.php(319): CodeIgniter\Database\BaseBuilder->insert()
#5 /homepages/34/d971490128/htdocs/apps/upn212horarios/horariosupnv3/system/BaseModel.php(788): CodeIgniter\Model->doInsert()
#6 /homepages/34/d971490128/htdocs/apps/upn212horarios/horariosupnv3/system/Model.php(715): CodeIgniter\BaseModel->insert()
#7 /homepages/34/d971490128/htdocs/apps/upn212horarios/horariosupnv3/app/Controllers/RegistroController.php(35): CodeIgniter\Model->insert()
#8 /homepages/34/d971490128/htdocs/apps/upn212horarios/horariosupnv3/system/CodeIgniter.php(919): App\Controllers\RegistroController->create()
#9 /homepages/34/d971490128/htdocs/apps/upn212horarios/horariosupnv3/system/CodeIgniter.php(494): CodeIgniter\CodeIgniter->runController()
#10 /homepages/34/d971490128/htdocs/apps/upn212horarios/horariosupnv3/system/CodeIgniter.php(353): CodeIgniter\CodeIgniter->handleRequest()
#11 /homepages/34/d971490128/htdocs/apps/upn212horarios/horariosupnv3/public/index.php(79): CodeIgniter\CodeIgniter->run()
#12 {main}
CRITICAL - 2023-12-11 22:26:22 --> Duplicate entry 'willianenrique' for key 'username'
in SYSTEMPATH/Database/BaseConnection.php on line 646.
 1 SYSTEMPATH/Database/BaseBuilder.php(2308): CodeIgniter\Database\BaseConnection->query()
 2 SYSTEMPATH/Model.php(319): CodeIgniter\Database\BaseBuilder->insert()
 3 SYSTEMPATH/BaseModel.php(788): CodeIgniter\Model->doInsert()
 4 SYSTEMPATH/Model.php(715): CodeIgniter\BaseModel->insert()
 5 APPPATH/Controllers/RegistroController.php(35): CodeIgniter\Model->insert()
 6 SYSTEMPATH/CodeIgniter.php(919): App\Controllers\RegistroController->create()
 7 SYSTEMPATH/CodeIgniter.php(494): CodeIgniter\CodeIgniter->runController()
 8 SYSTEMPATH/CodeIgniter.php(353): CodeIgniter\CodeIgniter->handleRequest()
 9 FCPATH/index.php(79): CodeIgniter\CodeIgniter->run()
ERROR - 2023-12-11 22:26:47 --> mysqli_sql_exception: Duplicate entry 'willianenrique' for key 'username' in /homepages/34/d971490128/htdocs/apps/upn212horarios/horariosupnv3/system/Database/MySQLi/Connection.php:306
Stack trace:
#0 /homepages/34/d971490128/htdocs/apps/upn212horarios/horariosupnv3/system/Database/MySQLi/Connection.php(306): mysqli->query()
#1 /homepages/34/d971490128/htdocs/apps/upn212horarios/horariosupnv3/system/Database/BaseConnection.php(692): CodeIgniter\Database\MySQLi\Connection->execute()
#2 /homepages/34/d971490128/htdocs/apps/upn212horarios/horariosupnv3/system/Database/BaseConnection.php(606): CodeIgniter\Database\BaseConnection->simpleQuery()
#3 /homepages/34/d971490128/htdocs/apps/upn212horarios/horariosupnv3/system/Database/BaseBuilder.php(2308): CodeIgniter\Database\BaseConnection->query()
#4 /homepages/34/d971490128/htdocs/apps/upn212horarios/horariosupnv3/system/Model.php(319): CodeIgniter\Database\BaseBuilder->insert()
#5 /homepages/34/d971490128/htdocs/apps/upn212horarios/horariosupnv3/system/BaseModel.php(788): CodeIgniter\Model->doInsert()
#6 /homepages/34/d971490128/htdocs/apps/upn212horarios/horariosupnv3/system/Model.php(715): CodeIgniter\BaseModel->insert()
#7 /homepages/34/d971490128/htdocs/apps/upn212horarios/horariosupnv3/app/Controllers/RegistroController.php(35): CodeIgniter\Model->insert()
#8 /homepages/34/d971490128/htdocs/apps/upn212horarios/horariosupnv3/system/CodeIgniter.php(919): App\Controllers\RegistroController->create()
#9 /homepages/34/d971490128/htdocs/apps/upn212horarios/horariosupnv3/system/CodeIgniter.php(494): CodeIgniter\CodeIgniter->runController()
#10 /homepages/34/d971490128/htdocs/apps/upn212horarios/horariosupnv3/system/CodeIgniter.php(353): CodeIgniter\CodeIgniter->handleRequest()
#11 /homepages/34/d971490128/htdocs/apps/upn212horarios/horariosupnv3/public/index.php(79): CodeIgniter\CodeIgniter->run()
#12 {main}
CRITICAL - 2023-12-11 22:26:47 --> Duplicate entry 'willianenrique' for key 'username'
in SYSTEMPATH/Database/BaseConnection.php on line 646.
 1 SYSTEMPATH/Database/BaseBuilder.php(2308): CodeIgniter\Database\BaseConnection->query()
 2 SYSTEMPATH/Model.php(319): CodeIgniter\Database\BaseBuilder->insert()
 3 SYSTEMPATH/BaseModel.php(788): CodeIgniter\Model->doInsert()
 4 SYSTEMPATH/Model.php(715): CodeIgniter\BaseModel->insert()
 5 APPPATH/Controllers/RegistroController.php(35): CodeIgniter\Model->insert()
 6 SYSTEMPATH/CodeIgniter.php(919): App\Controllers\RegistroController->create()
 7 SYSTEMPATH/CodeIgniter.php(494): CodeIgniter\CodeIgniter->runController()
 8 SYSTEMPATH/CodeIgniter.php(353): CodeIgniter\CodeIgniter->handleRequest()
 9 FCPATH/index.php(79): CodeIgniter\CodeIgniter->run()
ERROR - 2023-12-11 22:26:52 --> mysqli_sql_exception: Duplicate entry 'willianenrique' for key 'username' in /homepages/34/d971490128/htdocs/apps/upn212horarios/horariosupnv3/system/Database/MySQLi/Connection.php:306
Stack trace:
#0 /homepages/34/d971490128/htdocs/apps/upn212horarios/horariosupnv3/system/Database/MySQLi/Connection.php(306): mysqli->query()
#1 /homepages/34/d971490128/htdocs/apps/upn212horarios/horariosupnv3/system/Database/BaseConnection.php(692): CodeIgniter\Database\MySQLi\Connection->execute()
#2 /homepages/34/d971490128/htdocs/apps/upn212horarios/horariosupnv3/system/Database/BaseConnection.php(606): CodeIgniter\Database\BaseConnection->simpleQuery()
#3 /homepages/34/d971490128/htdocs/apps/upn212horarios/horariosupnv3/system/Database/BaseBuilder.php(2308): CodeIgniter\Database\BaseConnection->query()
#4 /homepages/34/d971490128/htdocs/apps/upn212horarios/horariosupnv3/system/Model.php(319): CodeIgniter\Database\BaseBuilder->insert()
#5 /homepages/34/d971490128/htdocs/apps/upn212horarios/horariosupnv3/system/BaseModel.php(788): CodeIgniter\Model->doInsert()
#6 /homepages/34/d971490128/htdocs/apps/upn212horarios/horariosupnv3/system/Model.php(715): CodeIgniter\BaseModel->insert()
#7 /homepages/34/d971490128/htdocs/apps/upn212horarios/horariosupnv3/app/Controllers/RegistroController.php(35): CodeIgniter\Model->insert()
#8 /homepages/34/d971490128/htdocs/apps/upn212horarios/horariosupnv3/system/CodeIgniter.php(919): App\Controllers\RegistroController->create()
#9 /homepages/34/d971490128/htdocs/apps/upn212horarios/horariosupnv3/system/CodeIgniter.php(494): CodeIgniter\CodeIgniter->runController()
#10 /homepages/34/d971490128/htdocs/apps/upn212horarios/horariosupnv3/system/CodeIgniter.php(353): CodeIgniter\CodeIgniter->handleRequest()
#11 /homepages/34/d971490128/htdocs/apps/upn212horarios/horariosupnv3/public/index.php(79): CodeIgniter\CodeIgniter->run()
#12 {main}
CRITICAL - 2023-12-11 22:26:52 --> Duplicate entry 'willianenrique' for key 'username'
in SYSTEMPATH/Database/BaseConnection.php on line 646.
 1 SYSTEMPATH/Database/BaseBuilder.php(2308): CodeIgniter\Database\BaseConnection->query()
 2 SYSTEMPATH/Model.php(319): CodeIgniter\Database\BaseBuilder->insert()
 3 SYSTEMPATH/BaseModel.php(788): CodeIgniter\Model->doInsert()
 4 SYSTEMPATH/Model.php(715): CodeIgniter\BaseModel->insert()
 5 APPPATH/Controllers/RegistroController.php(35): CodeIgniter\Model->insert()
 6 SYSTEMPATH/CodeIgniter.php(919): App\Controllers\RegistroController->create()
 7 SYSTEMPATH/CodeIgniter.php(494): CodeIgniter\CodeIgniter->runController()
 8 SYSTEMPATH/CodeIgniter.php(353): CodeIgniter\CodeIgniter->handleRequest()
 9 FCPATH/index.php(79): CodeIgniter\CodeIgniter->run()
ERROR - 2023-12-11 22:27:41 --> mysqli_sql_exception: Duplicate entry 'willianenrique' for key 'username' in /homepages/34/d971490128/htdocs/apps/upn212horarios/horariosupnv3/system/Database/MySQLi/Connection.php:306
Stack trace:
#0 /homepages/34/d971490128/htdocs/apps/upn212horarios/horariosupnv3/system/Database/MySQLi/Connection.php(306): mysqli->query()
#1 /homepages/34/d971490128/htdocs/apps/upn212horarios/horariosupnv3/system/Database/BaseConnection.php(692): CodeIgniter\Database\MySQLi\Connection->execute()
#2 /homepages/34/d971490128/htdocs/apps/upn212horarios/horariosupnv3/system/Database/BaseConnection.php(606): CodeIgniter\Database\BaseConnection->simpleQuery()
#3 /homepages/34/d971490128/htdocs/apps/upn212horarios/horariosupnv3/system/Database/BaseBuilder.php(2308): CodeIgniter\Database\BaseConnection->query()
#4 /homepages/34/d971490128/htdocs/apps/upn212horarios/horariosupnv3/system/Model.php(319): CodeIgniter\Database\BaseBuilder->insert()
#5 /homepages/34/d971490128/htdocs/apps/upn212horarios/horariosupnv3/system/BaseModel.php(788): CodeIgniter\Model->doInsert()
#6 /homepages/34/d971490128/htdocs/apps/upn212horarios/horariosupnv3/system/Model.php(715): CodeIgniter\BaseModel->insert()
#7 /homepages/34/d971490128/htdocs/apps/upn212horarios/horariosupnv3/app/Controllers/RegistroController.php(35): CodeIgniter\Model->insert()
#8 /homepages/34/d971490128/htdocs/apps/upn212horarios/horariosupnv3/system/CodeIgniter.php(919): App\Controllers\RegistroController->create()
#9 /homepages/34/d971490128/htdocs/apps/upn212horarios/horariosupnv3/system/CodeIgniter.php(494): CodeIgniter\CodeIgniter->runController()
#10 /homepages/34/d971490128/htdocs/apps/upn212horarios/horariosupnv3/system/CodeIgniter.php(353): CodeIgniter\CodeIgniter->handleRequest()
#11 /homepages/34/d971490128/htdocs/apps/upn212horarios/horariosupnv3/public/index.php(79): CodeIgniter\CodeIgniter->run()
#12 {main}
CRITICAL - 2023-12-11 22:27:41 --> Duplicate entry 'willianenrique' for key 'username'
in SYSTEMPATH/Database/BaseConnection.php on line 646.
 1 SYSTEMPATH/Database/BaseBuilder.php(2308): CodeIgniter\Database\BaseConnection->query()
 2 SYSTEMPATH/Model.php(319): CodeIgniter\Database\BaseBuilder->insert()
 3 SYSTEMPATH/BaseModel.php(788): CodeIgniter\Model->doInsert()
 4 SYSTEMPATH/Model.php(715): CodeIgniter\BaseModel->insert()
 5 APPPATH/Controllers/RegistroController.php(35): CodeIgniter\Model->insert()
 6 SYSTEMPATH/CodeIgniter.php(919): App\Controllers\RegistroController->create()
 7 SYSTEMPATH/CodeIgniter.php(494): CodeIgniter\CodeIgniter->runController()
 8 SYSTEMPATH/CodeIgniter.php(353): CodeIgniter\CodeIgniter->handleRequest()
 9 FCPATH/index.php(79): CodeIgniter\CodeIgniter->run()
ERROR - 2023-12-11 22:30:33 --> mysqli_sql_exception: Duplicate entry 'willianenrique' for key 'username' in /homepages/34/d971490128/htdocs/apps/upn212horarios/horariosupnv3/system/Database/MySQLi/Connection.php:306
Stack trace:
#0 /homepages/34/d971490128/htdocs/apps/upn212horarios/horariosupnv3/system/Database/MySQLi/Connection.php(306): mysqli->query()
#1 /homepages/34/d971490128/htdocs/apps/upn212horarios/horariosupnv3/system/Database/BaseConnection.php(692): CodeIgniter\Database\MySQLi\Connection->execute()
#2 /homepages/34/d971490128/htdocs/apps/upn212horarios/horariosupnv3/system/Database/BaseConnection.php(606): CodeIgniter\Database\BaseConnection->simpleQuery()
#3 /homepages/34/d971490128/htdocs/apps/upn212horarios/horariosupnv3/system/Database/BaseBuilder.php(2308): CodeIgniter\Database\BaseConnection->query()
#4 /homepages/34/d971490128/htdocs/apps/upn212horarios/horariosupnv3/system/Model.php(319): CodeIgniter\Database\BaseBuilder->insert()
#5 /homepages/34/d971490128/htdocs/apps/upn212horarios/horariosupnv3/system/BaseModel.php(788): CodeIgniter\Model->doInsert()
#6 /homepages/34/d971490128/htdocs/apps/upn212horarios/horariosupnv3/system/Model.php(715): CodeIgniter\BaseModel->insert()
#7 /homepages/34/d971490128/htdocs/apps/upn212horarios/horariosupnv3/app/Controllers/RegistroController.php(35): CodeIgniter\Model->insert()
#8 /homepages/34/d971490128/htdocs/apps/upn212horarios/horariosupnv3/system/CodeIgniter.php(919): App\Controllers\RegistroController->create()
#9 /homepages/34/d971490128/htdocs/apps/upn212horarios/horariosupnv3/system/CodeIgniter.php(494): CodeIgniter\CodeIgniter->runController()
#10 /homepages/34/d971490128/htdocs/apps/upn212horarios/horariosupnv3/system/CodeIgniter.php(353): CodeIgniter\CodeIgniter->handleRequest()
#11 /homepages/34/d971490128/htdocs/apps/upn212horarios/horariosupnv3/public/index.php(79): CodeIgniter\CodeIgniter->run()
#12 {main}
CRITICAL - 2023-12-11 22:30:33 --> Duplicate entry 'willianenrique' for key 'username'
in SYSTEMPATH/Database/BaseConnection.php on line 646.
 1 SYSTEMPATH/Database/BaseBuilder.php(2308): CodeIgniter\Database\BaseConnection->query()
 2 SYSTEMPATH/Model.php(319): CodeIgniter\Database\BaseBuilder->insert()
 3 SYSTEMPATH/BaseModel.php(788): CodeIgniter\Model->doInsert()
 4 SYSTEMPATH/Model.php(715): CodeIgniter\BaseModel->insert()
 5 APPPATH/Controllers/RegistroController.php(35): CodeIgniter\Model->insert()
 6 SYSTEMPATH/CodeIgniter.php(919): App\Controllers\RegistroController->create()
 7 SYSTEMPATH/CodeIgniter.php(494): CodeIgniter\CodeIgniter->runController()
 8 SYSTEMPATH/CodeIgniter.php(353): CodeIgniter\CodeIgniter->handleRequest()
 9 FCPATH/index.php(79): CodeIgniter\CodeIgniter->run()
ERROR - 2023-12-11 22:30:42 --> mysqli_sql_exception: Duplicate entry 'willianenrique' for key 'username' in /homepages/34/d971490128/htdocs/apps/upn212horarios/horariosupnv3/system/Database/MySQLi/Connection.php:306
Stack trace:
#0 /homepages/34/d971490128/htdocs/apps/upn212horarios/horariosupnv3/system/Database/MySQLi/Connection.php(306): mysqli->query()
#1 /homepages/34/d971490128/htdocs/apps/upn212horarios/horariosupnv3/system/Database/BaseConnection.php(692): CodeIgniter\Database\MySQLi\Connection->execute()
#2 /homepages/34/d971490128/htdocs/apps/upn212horarios/horariosupnv3/system/Database/BaseConnection.php(606): CodeIgniter\Database\BaseConnection->simpleQuery()
#3 /homepages/34/d971490128/htdocs/apps/upn212horarios/horariosupnv3/system/Database/BaseBuilder.php(2308): CodeIgniter\Database\BaseConnection->query()
#4 /homepages/34/d971490128/htdocs/apps/upn212horarios/horariosupnv3/system/Model.php(319): CodeIgniter\Database\BaseBuilder->insert()
#5 /homepages/34/d971490128/htdocs/apps/upn212horarios/horariosupnv3/system/BaseModel.php(788): CodeIgniter\Model->doInsert()
#6 /homepages/34/d971490128/htdocs/apps/upn212horarios/horariosupnv3/system/Model.php(715): CodeIgniter\BaseModel->insert()
#7 /homepages/34/d971490128/htdocs/apps/upn212horarios/horariosupnv3/app/Controllers/RegistroController.php(35): CodeIgniter\Model->insert()
#8 /homepages/34/d971490128/htdocs/apps/upn212horarios/horariosupnv3/system/CodeIgniter.php(919): App\Controllers\RegistroController->create()
#9 /homepages/34/d971490128/htdocs/apps/upn212horarios/horariosupnv3/system/CodeIgniter.php(494): CodeIgniter\CodeIgniter->runController()
#10 /homepages/34/d971490128/htdocs/apps/upn212horarios/horariosupnv3/system/CodeIgniter.php(353): CodeIgniter\CodeIgniter->handleRequest()
#11 /homepages/34/d971490128/htdocs/apps/upn212horarios/horariosupnv3/public/index.php(79): CodeIgniter\CodeIgniter->run()
#12 {main}
CRITICAL - 2023-12-11 22:30:42 --> Duplicate entry 'willianenrique' for key 'username'
in SYSTEMPATH/Database/BaseConnection.php on line 646.
 1 SYSTEMPATH/Database/BaseBuilder.php(2308): CodeIgniter\Database\BaseConnection->query()
 2 SYSTEMPATH/Model.php(319): CodeIgniter\Database\BaseBuilder->insert()
 3 SYSTEMPATH/BaseModel.php(788): CodeIgniter\Model->doInsert()
 4 SYSTEMPATH/Model.php(715): CodeIgniter\BaseModel->insert()
 5 APPPATH/Controllers/RegistroController.php(35): CodeIgniter\Model->insert()
 6 SYSTEMPATH/CodeIgniter.php(919): App\Controllers\RegistroController->create()
 7 SYSTEMPATH/CodeIgniter.php(494): CodeIgniter\CodeIgniter->runController()
 8 SYSTEMPATH/CodeIgniter.php(353): CodeIgniter\CodeIgniter->handleRequest()
 9 FCPATH/index.php(79): CodeIgniter\CodeIgniter->run()
ERROR - 2023-12-11 22:30:49 --> mysqli_sql_exception: Duplicate entry 'willianenrique' for key 'username' in /homepages/34/d971490128/htdocs/apps/upn212horarios/horariosupnv3/system/Database/MySQLi/Connection.php:306
Stack trace:
#0 /homepages/34/d971490128/htdocs/apps/upn212horarios/horariosupnv3/system/Database/MySQLi/Connection.php(306): mysqli->query()
#1 /homepages/34/d971490128/htdocs/apps/upn212horarios/horariosupnv3/system/Database/BaseConnection.php(692): CodeIgniter\Database\MySQLi\Connection->execute()
#2 /homepages/34/d971490128/htdocs/apps/upn212horarios/horariosupnv3/system/Database/BaseConnection.php(606): CodeIgniter\Database\BaseConnection->simpleQuery()
#3 /homepages/34/d971490128/htdocs/apps/upn212horarios/horariosupnv3/system/Database/BaseBuilder.php(2308): CodeIgniter\Database\BaseConnection->query()
#4 /homepages/34/d971490128/htdocs/apps/upn212horarios/horariosupnv3/system/Model.php(319): CodeIgniter\Database\BaseBuilder->insert()
#5 /homepages/34/d971490128/htdocs/apps/upn212horarios/horariosupnv3/system/BaseModel.php(788): CodeIgniter\Model->doInsert()
#6 /homepages/34/d971490128/htdocs/apps/upn212horarios/horariosupnv3/system/Model.php(715): CodeIgniter\BaseModel->insert()
#7 /homepages/34/d971490128/htdocs/apps/upn212horarios/horariosupnv3/app/Controllers/RegistroController.php(35): CodeIgniter\Model->insert()
#8 /homepages/34/d971490128/htdocs/apps/upn212horarios/horariosupnv3/system/CodeIgniter.php(919): App\Controllers\RegistroController->create()
#9 /homepages/34/d971490128/htdocs/apps/upn212horarios/horariosupnv3/system/CodeIgniter.php(494): CodeIgniter\CodeIgniter->runController()
#10 /homepages/34/d971490128/htdocs/apps/upn212horarios/horariosupnv3/system/CodeIgniter.php(353): CodeIgniter\CodeIgniter->handleRequest()
#11 /homepages/34/d971490128/htdocs/apps/upn212horarios/horariosupnv3/public/index.php(79): CodeIgniter\CodeIgniter->run()
#12 {main}
CRITICAL - 2023-12-11 22:30:49 --> Duplicate entry 'willianenrique' for key 'username'
in SYSTEMPATH/Database/BaseConnection.php on line 646.
 1 SYSTEMPATH/Database/BaseBuilder.php(2308): CodeIgniter\Database\BaseConnection->query()
 2 SYSTEMPATH/Model.php(319): CodeIgniter\Database\BaseBuilder->insert()
 3 SYSTEMPATH/BaseModel.php(788): CodeIgniter\Model->doInsert()
 4 SYSTEMPATH/Model.php(715): CodeIgniter\BaseModel->insert()
 5 APPPATH/Controllers/RegistroController.php(35): CodeIgniter\Model->insert()
 6 SYSTEMPATH/CodeIgniter.php(919): App\Controllers\RegistroController->create()
 7 SYSTEMPATH/CodeIgniter.php(494): CodeIgniter\CodeIgniter->runController()
 8 SYSTEMPATH/CodeIgniter.php(353): CodeIgniter\CodeIgniter->handleRequest()
 9 FCPATH/index.php(79): CodeIgniter\CodeIgniter->run()
ERROR - 2023-12-11 22:34:59 --> mysqli_sql_exception: Duplicate entry 'willianenrique' for key 'username' in /homepages/34/d971490128/htdocs/apps/upn212horarios/horariosupnv3/system/Database/MySQLi/Connection.php:306
Stack trace:
#0 /homepages/34/d971490128/htdocs/apps/upn212horarios/horariosupnv3/system/Database/MySQLi/Connection.php(306): mysqli->query()
#1 /homepages/34/d971490128/htdocs/apps/upn212horarios/horariosupnv3/system/Database/BaseConnection.php(692): CodeIgniter\Database\MySQLi\Connection->execute()
#2 /homepages/34/d971490128/htdocs/apps/upn212horarios/horariosupnv3/system/Database/BaseConnection.php(606): CodeIgniter\Database\BaseConnection->simpleQuery()
#3 /homepages/34/d971490128/htdocs/apps/upn212horarios/horariosupnv3/system/Database/BaseBuilder.php(2308): CodeIgniter\Database\BaseConnection->query()
#4 /homepages/34/d971490128/htdocs/apps/upn212horarios/horariosupnv3/system/Model.php(319): CodeIgniter\Database\BaseBuilder->insert()
#5 /homepages/34/d971490128/htdocs/apps/upn212horarios/horariosupnv3/system/BaseModel.php(788): CodeIgniter\Model->doInsert()
#6 /homepages/34/d971490128/htdocs/apps/upn212horarios/horariosupnv3/system/Model.php(715): CodeIgniter\BaseModel->insert()
#7 /homepages/34/d971490128/htdocs/apps/upn212horarios/horariosupnv3/app/Controllers/RegistroController.php(35): CodeIgniter\Model->insert()
#8 /homepages/34/d971490128/htdocs/apps/upn212horarios/horariosupnv3/system/CodeIgniter.php(919): App\Controllers\RegistroController->create()
#9 /homepages/34/d971490128/htdocs/apps/upn212horarios/horariosupnv3/system/CodeIgniter.php(494): CodeIgniter\CodeIgniter->runController()
#10 /homepages/34/d971490128/htdocs/apps/upn212horarios/horariosupnv3/system/CodeIgniter.php(353): CodeIgniter\CodeIgniter->handleRequest()
#11 /homepages/34/d971490128/htdocs/apps/upn212horarios/horariosupnv3/public/index.php(79): CodeIgniter\CodeIgniter->run()
#12 {main}
CRITICAL - 2023-12-11 22:34:59 --> Duplicate entry 'willianenrique' for key 'username'
in SYSTEMPATH/Database/BaseConnection.php on line 646.
 1 SYSTEMPATH/Database/BaseBuilder.php(2308): CodeIgniter\Database\BaseConnection->query()
 2 SYSTEMPATH/Model.php(319): CodeIgniter\Database\BaseBuilder->insert()
 3 SYSTEMPATH/BaseModel.php(788): CodeIgniter\Model->doInsert()
 4 SYSTEMPATH/Model.php(715): CodeIgniter\BaseModel->insert()
 5 APPPATH/Controllers/RegistroController.php(35): CodeIgniter\Model->insert()
 6 SYSTEMPATH/CodeIgniter.php(919): App\Controllers\RegistroController->create()
 7 SYSTEMPATH/CodeIgniter.php(494): CodeIgniter\CodeIgniter->runController()
 8 SYSTEMPATH/CodeIgniter.php(353): CodeIgniter\CodeIgniter->handleRequest()
 9 FCPATH/index.php(79): CodeIgniter\CodeIgniter->run()
ERROR - 2023-12-11 22:41:26 --> mysqli_sql_exception: Duplicate entry 'willianenrique' for key 'username' in /homepages/34/d971490128/htdocs/apps/upn212horarios/horariosupnv3/system/Database/MySQLi/Connection.php:306
Stack trace:
#0 /homepages/34/d971490128/htdocs/apps/upn212horarios/horariosupnv3/system/Database/MySQLi/Connection.php(306): mysqli->query()
#1 /homepages/34/d971490128/htdocs/apps/upn212horarios/horariosupnv3/system/Database/BaseConnection.php(692): CodeIgniter\Database\MySQLi\Connection->execute()
#2 /homepages/34/d971490128/htdocs/apps/upn212horarios/horariosupnv3/system/Database/BaseConnection.php(606): CodeIgniter\Database\BaseConnection->simpleQuery()
#3 /homepages/34/d971490128/htdocs/apps/upn212horarios/horariosupnv3/system/Database/BaseBuilder.php(2308): CodeIgniter\Database\BaseConnection->query()
#4 /homepages/34/d971490128/htdocs/apps/upn212horarios/horariosupnv3/system/Model.php(319): CodeIgniter\Database\BaseBuilder->insert()
#5 /homepages/34/d971490128/htdocs/apps/upn212horarios/horariosupnv3/system/BaseModel.php(788): CodeIgniter\Model->doInsert()
#6 /homepages/34/d971490128/htdocs/apps/upn212horarios/horariosupnv3/system/Model.php(715): CodeIgniter\BaseModel->insert()
#7 /homepages/34/d971490128/htdocs/apps/upn212horarios/horariosupnv3/app/Controllers/RegistroController.php(35): CodeIgniter\Model->insert()
#8 /homepages/34/d971490128/htdocs/apps/upn212horarios/horariosupnv3/system/CodeIgniter.php(919): App\Controllers\RegistroController->create()
#9 /homepages/34/d971490128/htdocs/apps/upn212horarios/horariosupnv3/system/CodeIgniter.php(494): CodeIgniter\CodeIgniter->runController()
#10 /homepages/34/d971490128/htdocs/apps/upn212horarios/horariosupnv3/system/CodeIgniter.php(353): CodeIgniter\CodeIgniter->handleRequest()
#11 /homepages/34/d971490128/htdocs/apps/upn212horarios/horariosupnv3/public/index.php(79): CodeIgniter\CodeIgniter->run()
#12 {main}
CRITICAL - 2023-12-11 22:41:26 --> Duplicate entry 'willianenrique' for key 'username'
in SYSTEMPATH/Database/BaseConnection.php on line 646.
 1 SYSTEMPATH/Database/BaseBuilder.php(2308): CodeIgniter\Database\BaseConnection->query()
 2 SYSTEMPATH/Model.php(319): CodeIgniter\Database\BaseBuilder->insert()
 3 SYSTEMPATH/BaseModel.php(788): CodeIgniter\Model->doInsert()
 4 SYSTEMPATH/Model.php(715): CodeIgniter\BaseModel->insert()
 5 APPPATH/Controllers/RegistroController.php(35): CodeIgniter\Model->insert()
 6 SYSTEMPATH/CodeIgniter.php(919): App\Controllers\RegistroController->create()
 7 SYSTEMPATH/CodeIgniter.php(494): CodeIgniter\CodeIgniter->runController()
 8 SYSTEMPATH/CodeIgniter.php(353): CodeIgniter\CodeIgniter->handleRequest()
 9 FCPATH/index.php(79): CodeIgniter\CodeIgniter->run()
ERROR - 2023-12-11 22:41:42 --> mysqli_sql_exception: Duplicate entry 'willianenrique' for key 'username' in /homepages/34/d971490128/htdocs/apps/upn212horarios/horariosupnv3/system/Database/MySQLi/Connection.php:306
Stack trace:
#0 /homepages/34/d971490128/htdocs/apps/upn212horarios/horariosupnv3/system/Database/MySQLi/Connection.php(306): mysqli->query()
#1 /homepages/34/d971490128/htdocs/apps/upn212horarios/horariosupnv3/system/Database/BaseConnection.php(692): CodeIgniter\Database\MySQLi\Connection->execute()
#2 /homepages/34/d971490128/htdocs/apps/upn212horarios/horariosupnv3/system/Database/BaseConnection.php(606): CodeIgniter\Database\BaseConnection->simpleQuery()
#3 /homepages/34/d971490128/htdocs/apps/upn212horarios/horariosupnv3/system/Database/BaseBuilder.php(2308): CodeIgniter\Database\BaseConnection->query()
#4 /homepages/34/d971490128/htdocs/apps/upn212horarios/horariosupnv3/system/Model.php(319): CodeIgniter\Database\BaseBuilder->insert()
#5 /homepages/34/d971490128/htdocs/apps/upn212horarios/horariosupnv3/system/BaseModel.php(788): CodeIgniter\Model->doInsert()
#6 /homepages/34/d971490128/htdocs/apps/upn212horarios/horariosupnv3/system/Model.php(715): CodeIgniter\BaseModel->insert()
#7 /homepages/34/d971490128/htdocs/apps/upn212horarios/horariosupnv3/app/Controllers/RegistroController.php(35): CodeIgniter\Model->insert()
#8 /homepages/34/d971490128/htdocs/apps/upn212horarios/horariosupnv3/system/CodeIgniter.php(919): App\Controllers\RegistroController->create()
#9 /homepages/34/d971490128/htdocs/apps/upn212horarios/horariosupnv3/system/CodeIgniter.php(494): CodeIgniter\CodeIgniter->runController()
#10 /homepages/34/d971490128/htdocs/apps/upn212horarios/horariosupnv3/system/CodeIgniter.php(353): CodeIgniter\CodeIgniter->handleRequest()
#11 /homepages/34/d971490128/htdocs/apps/upn212horarios/horariosupnv3/public/index.php(79): CodeIgniter\CodeIgniter->run()
#12 {main}
CRITICAL - 2023-12-11 22:41:42 --> Duplicate entry 'willianenrique' for key 'username'
in SYSTEMPATH/Database/BaseConnection.php on line 646.
 1 SYSTEMPATH/Database/BaseBuilder.php(2308): CodeIgniter\Database\BaseConnection->query()
 2 SYSTEMPATH/Model.php(319): CodeIgniter\Database\BaseBuilder->insert()
 3 SYSTEMPATH/BaseModel.php(788): CodeIgniter\Model->doInsert()
 4 SYSTEMPATH/Model.php(715): CodeIgniter\BaseModel->insert()
 5 APPPATH/Controllers/RegistroController.php(35): CodeIgniter\Model->insert()
 6 SYSTEMPATH/CodeIgniter.php(919): App\Controllers\RegistroController->create()
 7 SYSTEMPATH/CodeIgniter.php(494): CodeIgniter\CodeIgniter->runController()
 8 SYSTEMPATH/CodeIgniter.php(353): CodeIgniter\CodeIgniter->handleRequest()
 9 FCPATH/index.php(79): CodeIgniter\CodeIgniter->run()
