INFO - 2023-12-04 05:46:36 --> Session: Class initialized using 'CodeIgniter\Session\Handlers\FileHandler' driver.
INFO - 2023-12-04 05:46:36 --> Session: Class initialized using 'CodeIgniter\Session\Handlers\FileHandler' driver.
WARNING - 2023-12-04 05:46:36 --> [DEPRECATED] Creation of dynamic property CodeIgniter\View\View::$session is deprecated in APPPATH\Views\template\bodyCoordinador.php on line 117.
 1 SYSTEMPATH\View\View.php(226): include('E:\\en desarrollo\\upn212horariosv2\\app\\Views\\template\\bodyCoordinador.php')
 2 SYSTEMPATH\View\View.php(229): CodeIgniter\View\View->CodeIgniter\View\{closure}()
 3 SYSTEMPATH\View\View.php(242): CodeIgniter\View\View->render('template/bodyCoordinador', [], true)
 4 SYSTEMPATH\Common.php(1188): CodeIgniter\View\View->render('coordinador/dashboard', [], true)
 5 APPPATH\Controllers\Coordinador\CoordinadorController.php(22): view('coordinador/dashboard')
 6 SYSTEMPATH\CodeIgniter.php(919): App\Controllers\Coordinador\CoordinadorController->index()
 7 SYSTEMPATH\CodeIgniter.php(494): CodeIgniter\CodeIgniter->runController(Object(App\Controllers\Coordinador\CoordinadorController))
 8 SYSTEMPATH\CodeIgniter.php(353): CodeIgniter\CodeIgniter->handleRequest(null, Object(Config\Cache), false)
 9 FCPATH\index.php(79): CodeIgniter\CodeIgniter->run()
10 SYSTEMPATH\Commands\Server\rewrite.php(47): require_once('E:\\en desarrollo\\upn212horariosv2\\public\\index.php')
INFO - 2023-12-04 05:46:48 --> Session: Class initialized using 'CodeIgniter\Session\Handlers\FileHandler' driver.
WARNING - 2023-12-04 05:46:48 --> [DEPRECATED] Creation of dynamic property CodeIgniter\View\View::$session is deprecated in APPPATH\Views\template\bodyCoordinador.php on line 117.
 1 SYSTEMPATH\View\View.php(226): include('E:\\en desarrollo\\upn212horariosv2\\app\\Views\\template\\bodyCoordinador.php')
 2 SYSTEMPATH\View\View.php(229): CodeIgniter\View\View->CodeIgniter\View\{closure}()
 3 SYSTEMPATH\View\View.php(242): CodeIgniter\View\View->render('template/bodyCoordinador', [], true)
 4 SYSTEMPATH\Common.php(1188): CodeIgniter\View\View->render('coordinador/dashboard', [], true)
 5 APPPATH\Controllers\Coordinador\CoordinadorController.php(22): view('coordinador/dashboard')
 6 SYSTEMPATH\CodeIgniter.php(919): App\Controllers\Coordinador\CoordinadorController->index()
 7 SYSTEMPATH\CodeIgniter.php(494): CodeIgniter\CodeIgniter->runController(Object(App\Controllers\Coordinador\CoordinadorController))
 8 SYSTEMPATH\CodeIgniter.php(353): CodeIgniter\CodeIgniter->handleRequest(null, Object(Config\Cache), false)
 9 FCPATH\index.php(79): CodeIgniter\CodeIgniter->run()
10 SYSTEMPATH\Commands\Server\rewrite.php(47): require_once('E:\\en desarrollo\\upn212horariosv2\\public\\index.php')
INFO - 2023-12-04 05:47:32 --> Session: Class initialized using 'CodeIgniter\Session\Handlers\FileHandler' driver.
CRITICAL - 2023-12-04 05:47:32 --> Call to undefined method App\Models\DocenteModel::getDocentesPorCarrera
in SYSTEMPATH\Model.php on line 873.
 1 APPPATH\Controllers\Coordinador\ProgramacionController.php(55): CodeIgniter\Model->__call('getDocentesPorCarrera', [...])
 2 SYSTEMPATH\CodeIgniter.php(919): App\Controllers\Coordinador\ProgramacionController->index()
 3 SYSTEMPATH\CodeIgniter.php(494): CodeIgniter\CodeIgniter->runController(Object(App\Controllers\Coordinador\ProgramacionController))
 4 SYSTEMPATH\CodeIgniter.php(353): CodeIgniter\CodeIgniter->handleRequest(null, Object(Config\Cache), false)
 5 FCPATH\index.php(79): CodeIgniter\CodeIgniter->run()
 6 SYSTEMPATH\Commands\Server\rewrite.php(47): require_once('E:\\en desarrollo\\upn212horariosv2\\public\\index.php')
INFO - 2023-12-04 05:48:11 --> Session: Class initialized using 'CodeIgniter\Session\Handlers\FileHandler' driver.
CRITICAL - 2023-12-04 05:48:11 --> Call to undefined method App\Models\UsuarioModel::getDocentesPorCarrera
in SYSTEMPATH\Model.php on line 873.
 1 APPPATH\Controllers\Coordinador\ProgramacionController.php(55): CodeIgniter\Model->__call('getDocentesPorCarrera', [...])
 2 SYSTEMPATH\CodeIgniter.php(919): App\Controllers\Coordinador\ProgramacionController->index()
 3 SYSTEMPATH\CodeIgniter.php(494): CodeIgniter\CodeIgniter->runController(Object(App\Controllers\Coordinador\ProgramacionController))
 4 SYSTEMPATH\CodeIgniter.php(353): CodeIgniter\CodeIgniter->handleRequest(null, Object(Config\Cache), false)
 5 FCPATH\index.php(79): CodeIgniter\CodeIgniter->run()
 6 SYSTEMPATH\Commands\Server\rewrite.php(47): require_once('E:\\en desarrollo\\upn212horariosv2\\public\\index.php')
